<?xml version="1.0" encoding="UTF-8"?>
<testsuite xmlns:xsi="http://www.w3.org/2001/XMLSchema-instance" xsi:schemaLocation="https://maven.apache.org/surefire/maven-surefire-plugin/xsd/surefire-test-report.xsd" name="com.voda.ideaOrc.VFideaOrcRunner" time="0.044" tests="2" errors="2" skipped="0" failures="0">
  <properties>
[...]
</properties>
  <testcase name="com.voda.ideaOrc.VFideaOrcRunner" classname="com.voda.ideaOrc.VFideaOrcRunner" time="0.038">
    <error message="com/relevantcodes/extentreports/ExtentReports" type="java.lang.NoClassDefFoundError">java.lang.NoClassDefFoundError: com/relevantcodes/extentreports/ExtentReports
	at com.voda.ideaOrc.VFideaOrcRunner.setup(VFideaOrcRunner.java:29)
</error>
    <system-out><![CDATA[
0 Scenarios
0 Steps
0m0.000s

Ran the before
Run the after
]]></system-out>
  </testcase>
  <testcase name="com.voda.ideaOrc.VFideaOrcRunner" classname="com.voda.ideaOrc.VFideaOrcRunner" time="0.039">
    <error message="com/relevantcodes/extentreports/ExtentReports" type="java.lang.NoClassDefFoundError">java.lang.NoClassDefFoundError: com/relevantcodes/extentreports/ExtentReports
	at com.voda.ideaOrc.VFideaOrcRunner.teardown(VFideaOrcRunner.java:42)
</error>
  </testcase>
</testsuite>